Feature: example feature on HerokuApp web # features/login/herokuapp.feature:1

  Background: Access to the herokuapp page  # features/login/herokuapp.feature:3

  Scenario: Example scenario click into the func a/b testing  # features/login/herokuapp.feature:8
    Given Open the browser                                    # features/login/steps/steps_herokuapp.py:11
    When go to practice test page herokuapp                   # features/login/steps/steps_herokuapp.py:15
    When click a/b testing                                    # features/login/steps/steps_herokuapp.py:21
    Then should see the title "The Internet"                  # features/login/steps/steps_herokuapp.py:26

  Scenario: test basic authentication               # features/login/herokuapp.feature:12
    Given Open the browser                          # features/login/steps/steps_herokuapp.py:11
    When go to practice test page herokuapp         # features/login/steps/steps_herokuapp.py:15
    When Click to verify basic functionality        # features/login/steps/steps_herokuapp.py:31
    And input username "admin" and password "admin" # features/login/steps/steps_herokuapp.py:35
    Then Verify the authentication process          # features/login/steps/steps_herokuapp.py:40

  Scenario Outline: Click to the func Authentication -- @1.1                   # features/login/herokuapp.feature:25
    Given Open the browser                                                     # features/login/steps/steps_herokuapp.py:11
    When go to practice test page herokuapp                                    # features/login/steps/steps_herokuapp.py:15
    When click func Authentication                                             # features/login/steps/steps_herokuapp.py:45
    And input into the username "tomsmith" and password "SuperSecretPassword!" # features/login/steps/steps_herokuapp.py:49
    And enter button login                                                     # features/login/steps/steps_herokuapp.py:53
    Then Verify user login success                                             # features/login/steps/steps_herokuapp.py:57

  Scenario Outline: Click to the func Authentication -- @1.2    # features/login/herokuapp.feature:26
    Given Open the browser                                      # features/login/steps/steps_herokuapp.py:11
    When go to practice test page herokuapp                     # features/login/steps/steps_herokuapp.py:15
    When click func Authentication                              # features/login/steps/steps_herokuapp.py:45
    And input into the username "admin123" and password "admin" # features/login/steps/steps_herokuapp.py:49
    And enter button login                                      # features/login/steps/steps_herokuapp.py:53
    Then Verify user login success                              # features/login/steps/steps_herokuapp.py:57
      Traceback (most recent call last):
        File "C:\Users\Admin\AppData\Local\Programs\Python\Python312\Lib\site-packages\behave\model.py", line 1329, in run
          match.run(runner.context)
        File "C:\Users\Admin\AppData\Local\Programs\Python\Python312\Lib\site-packages\behave\matchers.py", line 98, in run
          self.func(context, *args, **kwargs)
        File "features\login\steps\steps_herokuapp.py", line 59, in step_impl
          assert get_login_page(context).verify_subheader() == "Welcome to the Secure Area. When you are done click logout below."
      AssertionError
      
      Captured stdout:
      ==> Creating directory: reports\screenshots\2025-03-06
      ==> Screenshot saved: reports\screenshots\2025-03-06\Verify user login success.png


